<?xml version="1.0" encoding="UTF-8"?>
<testsuite xmlns:xsi="http://www.w3.org/2001/XMLSchema-instance" xsi:noNamespaceSchemaLocation="https://maven.apache.org/surefire/maven-surefire-plugin/xsd/surefire-test-report.xsd" version="3.0.2" name="com.DigitalClassRoomManagement.DigitalClassRoomManagementApplicationTests" time="7.34" tests="1" errors="0" skipped="0" failures="0">
  <properties>
[...]
</properties>
  <testcase name="contextLoads" classname="com.DigitalClassRoomManagement.DigitalClassRoomManagementApplicationTests" time="0.38">
    <system-out><![CDATA[17:25:33.964 [main] INFO org.springframework.test.context.support.AnnotationConfigContextLoaderUtils -- Could not detect default configuration classes for test class [com.DigitalClassRoomManagement.DigitalClassRoomManagementApplicationTests]: DigitalClassRoomManagementApplicationTests does not declare any static, non-private, non-final, nested classes annotated with @Configuration.
17:25:34.128 [main] INFO org.springframework.boot.test.context.SpringBootTestContextBootstrapper -- Found @SpringBootConfiguration com.DigitalClassRoomManagement.DigitalClassRoomManagementApplication for test class com.DigitalClassRoomManagement.DigitalClassRoomManagementApplicationTests

  .   ____          _            __ _ _
 /\\ / ___'_ __ _ _(_)_ __  __ _ \ \ \ \
( ( )\___ | '_ | '_| | '_ \/ _` | \ \ \ \
 \\/  ___)| |_)| | | | | || (_| |  ) ) ) )
  '  |____| .__|_| |_|_| |_\__, | / / / /
 =========|_|==============|___/=/_/_/_/

 :: Spring Boot ::                (v3.5.7)

2025-11-11T17:25:34.719+05:30  INFO 7252 --- [DigitalClassRoomManagement] [           main] gitalClassRoomManagementApplicationTests : Starting DigitalClassRoomManagementApplicationTests using Java 25.0.1 with PID 7252 (started by 91916 in C:\Users\91916\Downloads\DGCM\DigitalClassRoomManagement\DigitalClassRoomManagement)
2025-11-11T17:25:34.720+05:30 DEBUG 7252 --- [DigitalClassRoomManagement] [           main] gitalClassRoomManagementApplicationTests : Running with Spring Boot v3.5.7, Spring v6.2.12
2025-11-11T17:25:34.721+05:30  INFO 7252 --- [DigitalClassRoomManagement] [           main] gitalClassRoomManagementApplicationTests : No active profile set, falling back to 1 default profile: "default"
2025-11-11T17:25:35.679+05:30  INFO 7252 --- [DigitalClassRoomManagement] [           main] .s.d.r.c.RepositoryConfigurationDelegate : Bootstrapping Spring Data JPA repositories in DEFAULT mode.
2025-11-11T17:25:35.777+05:30  INFO 7252 --- [DigitalClassRoomManagement] [           main] .s.d.r.c.RepositoryConfigurationDelegate : Finished Spring Data repository scanning in 85 ms. Found 9 JPA repository interfaces.
2025-11-11T17:25:36.468+05:30  INFO 7252 --- [DigitalClassRoomManagement] [           main] o.hibernate.jpa.internal.util.LogHelper  : HHH000204: Processing PersistenceUnitInfo [name: default]
2025-11-11T17:25:36.577+05:30  INFO 7252 --- [DigitalClassRoomManagement] [           main] org.hibernate.Version                    : HHH000412: Hibernate ORM core version 6.6.33.Final
2025-11-11T17:25:36.643+05:30  INFO 7252 --- [DigitalClassRoomManagement] [           main] o.h.c.internal.RegionFactoryInitiator    : HHH000026: Second-level cache disabled
2025-11-11T17:25:37.169+05:30  INFO 7252 --- [DigitalClassRoomManagement] [           main] o.s.o.j.p.SpringPersistenceUnitInfo      : No LoadTimeWeaver setup: ignoring JPA class transformer
2025-11-11T17:25:37.226+05:30  INFO 7252 --- [DigitalClassRoomManagement] [           main] com.zaxxer.hikari.HikariDataSource       : HikariPool-1 - Starting...
2025-11-11T17:25:37.509+05:30  INFO 7252 --- [DigitalClassRoomManagement] [           main] com.zaxxer.hikari.pool.HikariPool        : HikariPool-1 - Added connection com.mysql.cj.jdbc.ConnectionImpl@3eec8583
2025-11-11T17:25:37.511+05:30  INFO 7252 --- [DigitalClassRoomManagement] [           main] com.zaxxer.hikari.HikariDataSource       : HikariPool-1 - Start completed.
2025-11-11T17:25:37.599+05:30  WARN 7252 --- [DigitalClassRoomManagement] [           main] org.hibernate.orm.deprecation            : HHH90000025: MySQL8Dialect does not need to be specified explicitly using 'hibernate.dialect' (remove the property setting and it will be selected by default)
2025-11-11T17:25:37.600+05:30  WARN 7252 --- [DigitalClassRoomManagement] [           main] org.hibernate.orm.deprecation            : HHH90000026: MySQL8Dialect has been deprecated; use org.hibernate.dialect.MySQLDialect instead
2025-11-11T17:25:37.630+05:30  INFO 7252 --- [DigitalClassRoomManagement] [           main] org.hibernate.orm.connections.pooling    : HHH10001005: Database info:
	Database JDBC URL [Connecting through datasource 'HikariDataSource (HikariPool-1)']
	Database driver: undefined/unknown
	Database version: 8.0
	Autocommit mode: undefined/unknown
	Isolation level: undefined/unknown
	Minimum pool size: undefined/unknown
	Maximum pool size: undefined/unknown
2025-11-11T17:25:38.877+05:30  INFO 7252 --- [DigitalClassRoomManagement] [           main] o.h.e.t.j.p.i.JtaPlatformInitiator       : HHH000489: No JTA platform available (set 'hibernate.transaction.jta.platform' to enable JTA platform integration)
Hibernate: 
    alter table attendance 
       modify column marked_by enum ('ADMIN','STUDENT','TEACHER')
Hibernate: 
    alter table attendance 
       modify column status enum ('ABSENT','HALF_DAY','LEAVE','PRESENT')
2025-11-11T17:25:39.078+05:30  INFO 7252 --- [DigitalClassRoomManagement] [           main] j.LocalContainerEntityManagerFactoryBean : Initialized JPA EntityManagerFactory for persistence unit 'default'
2025-11-11T17:25:40.059+05:30  INFO 7252 --- [DigitalClassRoomManagement] [           main] r$InitializeUserDetailsManagerConfigurer : Global AuthenticationManager configured with UserDetailsService bean with name customUserDetailsService
2025-11-11T17:25:40.543+05:30  INFO 7252 --- [DigitalClassRoomManagement] [           main] gitalClassRoomManagementApplicationTests : Started DigitalClassRoomManagementApplicationTests in 6.188 seconds (process running for 7.528)
Hibernate: 
    select
        u1_0.user_id,
        u1_0.email,
        u1_0.language_preference,
        u1_0.name,
        u1_0.password,
        u1_0.role 
    from
        users u1_0 
    where
        u1_0.email=?
✅ Admin user already exists.
]]></system-out>
    <system-err><![CDATA[Mockito is currently self-attaching to enable the inline-mock-maker. This will no longer work in future releases of the JDK. Please add Mockito as an agent to your build as described in Mockito's documentation: https://javadoc.io/doc/org.mockito/mockito-core/latest/org.mockito/org/mockito/Mockito.html#0.3
WARNING: A Java agent has been loaded dynamically (C:\Users\91916\.m2\repository\net\bytebuddy\byte-buddy-agent\1.17.8\byte-buddy-agent-1.17.8.jar)
WARNING: If a serviceability tool is in use, please run with -XX:+EnableDynamicAgentLoading to hide this warning
WARNING: If a serviceability tool is not in use, please run with -Djdk.instrument.traceUsage for more information
WARNING: Dynamic loading of agents will be disallowed by default in a future release
]]></system-err>
  </testcase>
</testsuite>